[
  {
    "line": 1,
    "elements": [
      {
        "start_timestamp": "2019-05-05T15:30:59.998Z",
        "line": 5,
        "name": "Menu items from top Menu Bar",
        "description": "",
        "id": "top-menu-bar;menu-items-from-top-menu-bar",
        "after": [
          {
            "result": {
              "duration": 376812711,
              "status": "passed"
            },
            "match": {
              "location": "Hooks.tearDown()"
            }
          }
        ],
        "type": "scenario",
        "keyword": "Scenario",
        "steps": [
          {
            "result": {
              "duration": 14690368420,
              "status": "passed"
            },
            "line": 6,
            "name": "I am on KBB Home Page",
            "match": {
              "location": "KBBMenuBarSteps.i_am_on_KBB_Home_Page()"
            },
            "keyword": "Given "
          },
          {
            "result": {
              "duration": 46966,
              "status": "passed"
            },
            "line": 7,
            "name": "I get all menus from top",
            "match": {
              "location": "KBBMenuBarSteps.i_get_all_menus_from_top()"
            },
            "keyword": "Then "
          },
          {
            "result": {
              "duration": 203278183,
              "status": "passed"
            },
            "line": 8,
            "name": "I verify all the menus are exist and are clickable",
            "match": {
              "location": "KBBMenuBarSteps.i_verify_all_the_menus_are_exist_and_are_clickable()"
            },
            "keyword": "And "
          }
        ],
        "tags": [
          {
            "name": "@TopMenuBar"
          }
        ]
      }
    ],
    "name": "Top Menu Bar",
    "description": "  I want verify all the menus in top menu bar exist and clickable",
    "id": "top-menu-bar",
    "keyword": "Feature",
    "uri": "file:src/test/resources/functionaltests/kbb_top_menu_bar.feature",
    "tags": []
  },
  {
    "line": 1,
    "elements": [
      {
        "start_timestamp": "2019-05-05T15:31:15.273Z",
        "line": 5,
        "name": "Title of your scenario",
        "description": "",
        "id": "title-of-your-feature;title-of-your-scenario",
        "after": [
          {
            "result": {
              "duration": 351619893,
              "status": "passed"
            },
            "match": {
              "location": "Hooks.tearDown()"
            }
          }
        ],
        "type": "scenario",
        "keyword": "Scenario",
        "steps": [
          {
            "result": {
              "duration": 10796802476,
              "status": "passed"
            },
            "line": 6,
            "name": "I am on home page",
            "match": {
              "location": "GoogleSearch.i_am_on_home_page()"
            },
            "keyword": "Given "
          },
          {
            "result": {
              "error_message": "org.openqa.selenium.NoSuchElementException: no such element: Unable to locate element: {\"method\":\"name\",\"selector\":\"q\"}\n  (Session info: chrome\u003d74.0.3729.131)\n  (Driver info: chromedriver\u003d74.0.3729.6 (255758eccf3d244491b8a1317aa76e1ce10d57e9-refs/branch-heads/3729@{#29}),platform\u003dMac OS X 10.14.3 x86_64) (WARNING: The server did not provide any stacktrace information)\nCommand duration or timeout: 0 milliseconds\nFor documentation on this error, please visit: https://www.seleniumhq.org/exceptions/no_such_element.html\nBuild info: version: \u00273.141.59\u0027, revision: \u0027e82be7d358\u0027, time: \u00272018-11-14T08:17:03\u0027\nSystem info: host: \u0027Nijats-MacBook-Pro.local\u0027, ip: \u0027fe80:0:0:0:10d5:14c9:3620:5e48%en0\u0027, os.name: \u0027Mac OS X\u0027, os.arch: \u0027x86_64\u0027, os.version: \u002710.14.3\u0027, java.version: \u00271.8.0_181\u0027\nDriver info: org.openqa.selenium.chrome.ChromeDriver\nCapabilities {acceptInsecureCerts: false, acceptSslCerts: false, applicationCacheEnabled: false, browserConnectionEnabled: false, browserName: chrome, chrome: {chromedriverVersion: 74.0.3729.6 (255758eccf3d24..., userDataDir: /var/folders/xw/v5z1hhqn4vv...}, cssSelectorsEnabled: true, databaseEnabled: false, goog:chromeOptions: {debuggerAddress: localhost:65048}, handlesAlerts: true, hasTouchScreen: false, javascriptEnabled: true, locationContextEnabled: true, mobileEmulationEnabled: false, nativeEvents: true, networkConnectionEnabled: false, pageLoadStrategy: normal, platform: MAC, platformName: MAC, proxy: Proxy(), rotatable: false, setWindowRect: true, strictFileInteractability: false, takesHeapSnapshot: true, takesScreenshot: true, timeouts: {implicit: 0, pageLoad: 300000, script: 30000}, unexpectedAlertBehaviour: ignore, unhandledPromptBehavior: ignore, version: 74.0.3729.131, webStorageEnabled: true}\nSession ID: 4d04c8bdab2e8f8c4c068a9013753485\n*** Element info: {Using\u003dname, value\u003dq}\n\tat sun.reflect.NativeConstructorAccessorImpl.newInstance0(Native Method)\n\tat sun.reflect.NativeConstructorAccessorImpl.newInstance(NativeConstructorAccessorImpl.java:62)\n\tat sun.reflect.DelegatingConstructorAccessorImpl.newInstance(DelegatingConstructorAccessorImpl.java:45)\n\tat java.lang.reflect.Constructor.newInstance(Constructor.java:423)\n\tat org.openqa.selenium.remote.ErrorHandler.createThrowable(ErrorHandler.java:214)\n\tat org.openqa.selenium.remote.ErrorHandler.throwIfResponseFailed(ErrorHandler.java:166)\n\tat org.openqa.selenium.remote.http.JsonHttpResponseCodec.reconstructValue(JsonHttpResponseCodec.java:40)\n\tat org.openqa.selenium.remote.http.AbstractHttpResponseCodec.decode(AbstractHttpResponseCodec.java:80)\n\tat org.openqa.selenium.remote.http.AbstractHttpResponseCodec.decode(AbstractHttpResponseCodec.java:44)\n\tat org.openqa.selenium.remote.HttpCommandExecutor.execute(HttpCommandExecutor.java:158)\n\tat org.openqa.selenium.remote.service.DriverCommandExecutor.execute(DriverCommandExecutor.java:83)\n\tat org.openqa.selenium.remote.RemoteWebDriver.execute(RemoteWebDriver.java:552)\n\tat org.openqa.selenium.remote.RemoteWebDriver.findElement(RemoteWebDriver.java:323)\n\tat org.openqa.selenium.remote.RemoteWebDriver.findElementByName(RemoteWebDriver.java:404)\n\tat org.openqa.selenium.By$ByName.findElement(By.java:284)\n\tat org.openqa.selenium.remote.RemoteWebDriver.findElement(RemoteWebDriver.java:315)\n\tat org.openqa.selenium.support.pagefactory.DefaultElementLocator.findElement(DefaultElementLocator.java:69)\n\tat org.openqa.selenium.support.pagefactory.internal.LocatingElementHandler.invoke(LocatingElementHandler.java:38)\n\tat com.sun.proxy.$Proxy16.sendKeys(Unknown Source)\n\tat stepDefinitions.GoogleSearch.search_for_something(GoogleSearch.java:29)\n\tat ✽.search for something(file:src/test/resources/functionaltests/test.feature:7)\n",
              "duration": 59285909,
              "status": "failed"
            },
            "line": 7,
            "name": "search for something",
            "match": {
              "location": "GoogleSearch.search_for_something()"
            },
            "keyword": "Then "
          }
        ]
      }
    ],
    "name": "Title of your feature",
    "description": "  I want to use this template for my feature file",
    "id": "title-of-your-feature",
    "keyword": "Feature",
    "uri": "file:src/test/resources/functionaltests/test.feature",
    "tags": []
  },
  {
    "line": 1,
    "elements": [
      {
        "start_timestamp": "2019-05-05T15:31:26.482Z",
        "line": 5,
        "name": "Title of your scenario",
        "description": "",
        "id": "title-of-your-feature;title-of-your-scenario",
        "after": [
          {
            "result": {
              "duration": 400373274,
              "status": "passed"
            },
            "match": {
              "location": "Hooks.tearDown()"
            }
          }
        ],
        "type": "scenario",
        "keyword": "Scenario",
        "steps": [
          {
            "result": {
              "duration": 13739526024,
              "status": "passed"
            },
            "line": 6,
            "name": "I am on home page",
            "match": {
              "location": "GoogleSearch.i_am_on_home_page()"
            },
            "keyword": "Given "
          },
          {
            "result": {
              "error_message": "org.openqa.selenium.NoSuchElementException: no such element: Unable to locate element: {\"method\":\"name\",\"selector\":\"q\"}\n  (Session info: chrome\u003d74.0.3729.131)\n  (Driver info: chromedriver\u003d74.0.3729.6 (255758eccf3d244491b8a1317aa76e1ce10d57e9-refs/branch-heads/3729@{#29}),platform\u003dMac OS X 10.14.3 x86_64) (WARNING: The server did not provide any stacktrace information)\nCommand duration or timeout: 0 milliseconds\nFor documentation on this error, please visit: https://www.seleniumhq.org/exceptions/no_such_element.html\nBuild info: version: \u00273.141.59\u0027, revision: \u0027e82be7d358\u0027, time: \u00272018-11-14T08:17:03\u0027\nSystem info: host: \u0027Nijats-MacBook-Pro.local\u0027, ip: \u0027fe80:0:0:0:10d5:14c9:3620:5e48%en0\u0027, os.name: \u0027Mac OS X\u0027, os.arch: \u0027x86_64\u0027, os.version: \u002710.14.3\u0027, java.version: \u00271.8.0_181\u0027\nDriver info: org.openqa.selenium.chrome.ChromeDriver\nCapabilities {acceptInsecureCerts: false, acceptSslCerts: false, applicationCacheEnabled: false, browserConnectionEnabled: false, browserName: chrome, chrome: {chromedriverVersion: 74.0.3729.6 (255758eccf3d24..., userDataDir: /var/folders/xw/v5z1hhqn4vv...}, cssSelectorsEnabled: true, databaseEnabled: false, goog:chromeOptions: {debuggerAddress: localhost:65265}, handlesAlerts: true, hasTouchScreen: false, javascriptEnabled: true, locationContextEnabled: true, mobileEmulationEnabled: false, nativeEvents: true, networkConnectionEnabled: false, pageLoadStrategy: normal, platform: MAC, platformName: MAC, proxy: Proxy(), rotatable: false, setWindowRect: true, strictFileInteractability: false, takesHeapSnapshot: true, takesScreenshot: true, timeouts: {implicit: 0, pageLoad: 300000, script: 30000}, unexpectedAlertBehaviour: ignore, unhandledPromptBehavior: ignore, version: 74.0.3729.131, webStorageEnabled: true}\nSession ID: 51f80a5e064f9b88377780288e56ba69\n*** Element info: {Using\u003dname, value\u003dq}\n\tat sun.reflect.NativeConstructorAccessorImpl.newInstance0(Native Method)\n\tat sun.reflect.NativeConstructorAccessorImpl.newInstance(NativeConstructorAccessorImpl.java:62)\n\tat sun.reflect.DelegatingConstructorAccessorImpl.newInstance(DelegatingConstructorAccessorImpl.java:45)\n\tat java.lang.reflect.Constructor.newInstance(Constructor.java:423)\n\tat org.openqa.selenium.remote.ErrorHandler.createThrowable(ErrorHandler.java:214)\n\tat org.openqa.selenium.remote.ErrorHandler.throwIfResponseFailed(ErrorHandler.java:166)\n\tat org.openqa.selenium.remote.http.JsonHttpResponseCodec.reconstructValue(JsonHttpResponseCodec.java:40)\n\tat org.openqa.selenium.remote.http.AbstractHttpResponseCodec.decode(AbstractHttpResponseCodec.java:80)\n\tat org.openqa.selenium.remote.http.AbstractHttpResponseCodec.decode(AbstractHttpResponseCodec.java:44)\n\tat org.openqa.selenium.remote.HttpCommandExecutor.execute(HttpCommandExecutor.java:158)\n\tat org.openqa.selenium.remote.service.DriverCommandExecutor.execute(DriverCommandExecutor.java:83)\n\tat org.openqa.selenium.remote.RemoteWebDriver.execute(RemoteWebDriver.java:552)\n\tat org.openqa.selenium.remote.RemoteWebDriver.findElement(RemoteWebDriver.java:323)\n\tat org.openqa.selenium.remote.RemoteWebDriver.findElementByName(RemoteWebDriver.java:404)\n\tat org.openqa.selenium.By$ByName.findElement(By.java:284)\n\tat org.openqa.selenium.remote.RemoteWebDriver.findElement(RemoteWebDriver.java:315)\n\tat org.openqa.selenium.support.pagefactory.DefaultElementLocator.findElement(DefaultElementLocator.java:69)\n\tat org.openqa.selenium.support.pagefactory.internal.LocatingElementHandler.invoke(LocatingElementHandler.java:38)\n\tat com.sun.proxy.$Proxy16.sendKeys(Unknown Source)\n\tat stepDefinitions.NewSearch.another_search_for_something(NewSearch.java:17)\n\tat ✽.Another search for something(file:src/test/resources/functionaltests/testt.feature:7)\n",
              "duration": 41321783,
              "status": "failed"
            },
            "line": 7,
            "name": "Another search for something",
            "match": {
              "location": "NewSearch.another_search_for_something()"
            },
            "keyword": "Then "
          }
        ]
      }
    ],
    "name": "Title of your feature",
    "description": "  I want to use this template for my feature file",
    "id": "title-of-your-feature",
    "keyword": "Feature",
    "uri": "file:src/test/resources/functionaltests/testt.feature",
    "tags": []
  }
]