<?xml version="1.0" encoding="UTF-8"?>
<testng-results skipped="0" failed="0" ignored="0" total="1" passed="1">
  <reporter-output>
  </reporter-output>
  <suite name="Default suite" duration-ms="5184" started-at="2019-04-25T23:52:25Z" finished-at="2019-04-25T23:52:30Z">
    <groups>
    </groups>
    <test name="Default test" duration-ms="5184" started-at="2019-04-25T23:52:25Z" finished-at="2019-04-25T23:52:30Z">
      <class name="firstmaven.TestMaven">
        <test-method status="PASS" signature="setUp()[pri:0, instance:firstmaven.TestMaven@7cd62f43]" name="setUp" is-config="true" duration-ms="3977" started-at="2019-04-25T23:52:25Z" finished-at="2019-04-25T23:52:29Z">
          <reporter-output>
          </reporter-output>
        </test-method> <!-- setUp -->
        <test-method status="PASS" signature="test1()[pri:0, instance:firstmaven.TestMaven@7cd62f43]" name="test1" duration-ms="1065" started-at="2019-04-25T23:52:29Z" finished-at="2019-04-25T23:52:30Z">
          <reporter-output>
          </reporter-output>
        </test-method> <!-- test1 -->
        <test-method status="PASS" signature="tearDown()[pri:0, instance:firstmaven.TestMaven@7cd62f43]" name="tearDown" is-config="true" duration-ms="109" started-at="2019-04-25T23:52:30Z" finished-at="2019-04-25T23:52:30Z">
          <reporter-output>
          </reporter-output>
        </test-method> <!-- tearDown -->
      </class> <!-- firstmaven.TestMaven -->
    </test> <!-- Default test -->
  </suite> <!-- Default suite -->
</testng-results>
